<?xml version="1.0" encoding="UTF-8"?>
<!-- Generated by org.testng.reporters.JUnitXMLReporter -->
<testsuite ignored="0" hostname="DESKTOP-HFJIJJP" failures="0" tests="3" name="ChromeTest" time="13.244" errors="0" timestamp="2022-07-29T10:12:38 GMT-07:00">
  <testcase classname="com.testng.TestNG_CrossBrowser" name="login" time="0.335"/>
  <testcase classname="com.testng.TestNG_CrossBrowser" name="login" time="0.307"/>
  <testcase classname="com.testng.TestNG_CrossBrowser" name="login" time="0.313"/>
</testsuite> <!-- ChromeTest -->
