<?xml version="1.0" encoding="UTF-8"?>
<!-- Generated by org.testng.reporters.JUnitXMLReporter -->
<testsuite ignored="0" hostname="DESKTOP-HFJIJJP" failures="0" tests="3" name="fireFoxTest" time="22.502" errors="0" timestamp="2022-07-29T10:13:00 GMT-07:00">
  <testcase classname="com.testng.TestNG_CrossBrowser" name="login" time="3.088"/>
  <testcase classname="com.testng.TestNG_CrossBrowser" name="login" time="5.326"/>
  <testcase classname="com.testng.TestNG_CrossBrowser" name="login" time="2.717"/>
</testsuite> <!-- fireFoxTest -->
