<?xml version="1.0" encoding="UTF-8"?>
<!-- Generated by org.testng.reporters.JUnitXMLReporter -->
<testsuite ignored="3" hostname="DESKTOP-HFJIJJP" failures="0" tests="1" name="Test" time="0.055" errors="0" timestamp="2022-07-23T23:46:30 GMT-07:00">
  <testcase classname="com.testng.Testng_Ignore" name="cMethod" time="0.016"/>
  <testcase classname="com.testng.Testng_Ignore" name="aMethod" time="0.0">
    <ignored/>
  </testcase> <!-- aMethod -->
  <testcase classname="com.testng.Testng_Ignore" name="bMethod" time="0.0">
    <ignored/>
  </testcase> <!-- bMethod -->
  <testcase classname="com.testng.Testng_Ignore" name="dMethod" time="0.0">
    <ignored/>
  </testcase> <!-- dMethod -->
</testsuite> <!-- Test -->
