<?xml version="1.0" encoding="UTF-8"?>
<testng-results ignored="0" total="2" passed="2" failed="0" skipped="0">
  <reporter-output>
  </reporter-output>
  <suite started-at="2022-07-29T23:11:30 GMT-07:00" name="Default suite" finished-at="2022-07-29T23:11:33 GMT-07:00" duration-ms="3301">
    <groups>
    </groups>
    <test started-at="2022-07-29T23:11:30 GMT-07:00" name="Default test" finished-at="2022-07-29T23:11:33 GMT-07:00" duration-ms="3301">
      <class name="com.tests.TestExamples">
        <test-method signature="restApi()[pri:0, instance:com.tests.TestExamples@3911c2a7]" started-at="2022-07-29T23:11:30 GMT-07:00" name="restApi" finished-at="2022-07-29T23:11:33 GMT-07:00" duration-ms="2938" status="PASS">
          <reporter-output>
          </reporter-output>
        </test-method> <!-- restApi -->
        <test-method signature="test2()[pri:0, instance:com.tests.TestExamples@3911c2a7]" started-at="2022-07-29T23:11:33 GMT-07:00" name="test2" finished-at="2022-07-29T23:11:33 GMT-07:00" duration-ms="282" status="PASS">
          <reporter-output>
          </reporter-output>
        </test-method> <!-- test2 -->
      </class> <!-- com.tests.TestExamples -->
    </test> <!-- Default test -->
  </suite> <!-- Default suite -->
</testng-results>
