# JRE version: Java(TM) SE Runtime Environment (8.0_331-b09) (build 1.8.0_331-b09)
# Java VM: Java HotSpot(TM) 64-Bit Server VM (25.331-b09 mixed mode windows-amd64 compressed oops)
Heap:
 def new generation   total 8000K, used 3860K [0x00000000e6000000, 0x00000000e68a0000, 0x00000000eeaa0000)
  eden space 7168K,  42% used [0x00000000e6000000, 0x00000000e62f5358, 0x00000000e6700000)
  from space 832K, 100% used [0x00000000e67d0000, 0x00000000e68a0000, 0x00000000e68a0000)
  to   space 832K,   0% used [0x00000000e6700000, 0x00000000e6700000, 0x00000000e67d0000)
 tenured generation   total 17792K, used 5445K [0x00000000eeaa0000, 0x00000000efc00000, 0x0000000100000000)
   the space 17792K,  30% used [0x00000000eeaa0000, 0x00000000eeff1680, 0x00000000eeff1800, 0x00000000efc00000)
 Metaspace       used 13718K, capacity 14404K, committed 14592K, reserved 1062912K
  class space    used 1738K, capacity 1932K, committed 2048K, reserved 1048576K
GC Heap History (10 events):
Event: 4.491 GC heap before
{Heap before GC invocations=0 (full 0):
 def new generation   total 8000K, used 7168K [0x00000000e6000000, 0x00000000e68a0000, 0x00000000eeaa0000)
  eden space 7168K, 100% used [0x00000000e6000000, 0x00000000e6700000, 0x00000000e6700000)
  from space 832K,   0% used [0x00000000e6700000, 0x00000000e6700000, 0x00000000e67d0000)
  to   space 832K,   0% used [0x00000000e67d0000, 0x00000000e67d0000, 0x00000000e68a0000)
 tenured generation   total 17792K, used 0K [0x00000000eeaa0000, 0x00000000efc00000, 0x0000000100000000)
   the space 17792K,   0% used [0x00000000eeaa0000, 0x00000000eeaa0000, 0x00000000eeaa0200, 0x00000000efc00000)
 Metaspace       used 6831K, capacity 6912K, committed 7040K, reserved 1056768K
  class space    used 810K, capacity 856K, committed 896K, reserved 1048576K
Event: 4.498 GC heap after
Heap after GC invocations=1 (full 0):
 def new generation   total 8000K, used 832K [0x00000000e6000000, 0x00000000e68a0000, 0x00000000eeaa0000)
  eden space 7168K,   0% used [0x00000000e6000000, 0x00000000e6000000, 0x00000000e6700000)
  from space 832K, 100% used [0x00000000e67d0000, 0x00000000e68a0000, 0x00000000e68a0000)
  to   space 832K,   0% used [0x00000000e6700000, 0x00000000e6700000, 0x00000000e67d0000)
 tenured generation   total 17792K, used 1262K [0x00000000eeaa0000, 0x00000000efc00000, 0x0000000100000000)
   the space 17792K,   7% used [0x00000000eeaa0000, 0x00000000eebdba48, 0x00000000eebdbc00, 0x00000000efc00000)
 Metaspace       used 6831K, capacity 6912K, committed 7040K, reserved 1056768K
  class space    used 810K, capacity 856K, committed 896K, reserved 1048576K
}
Event: 8.075 GC heap before
{Heap before GC invocations=1 (full 0):
 def new generation   total 8000K, used 8000K [0x00000000e6000000, 0x00000000e68a0000, 0x00000000eeaa0000)
  eden space 7168K, 100% used [0x00000000e6000000, 0x00000000e6700000, 0x00000000e6700000)
  from space 832K, 100% used [0x00000000e67d0000, 0x00000000e68a0000, 0x00000000e68a0000)
  to   space 832K,   0% used [0x00000000e6700000, 0x00000000e6700000, 0x00000000e67d0000)
 tenured generation   total 17792K, used 1262K [0x00000000eeaa0000, 0x00000000efc00000, 0x0000000100000000)
   the space 17792K,   7% used [0x00000000eeaa0000, 0x00000000eebdba48, 0x00000000eebdbc00, 0x00000000efc00000)
 Metaspace       used 8644K, capacity 8866K, committed 9088K, reserved 1056768K
  class space    used 1004K, capacity 1095K, committed 1152K, reserved 1048576K
Event: 8.089 GC heap after
Heap after GC invocations=2 (full 0):
 def new generation   total 8000K, used 831K [0x00000000e6000000, 0x00000000e68a0000, 0x00000000eeaa0000)
  eden space 7168K,   0% used [0x00000000e6000000, 0x00000000e6000000, 0x00000000e6700000)
  from space 832K,  99% used [0x00000000e6700000, 0x00000000e67cfff8, 0x00000000e67d0000)
  to   space 832K,   0% used [0x00000000e67d0000, 0x00000000e67d0000, 0x00000000e68a0000)
 tenured generation   total 17792K, used 2757K [0x00000000eeaa0000, 0x00000000efc00000, 0x0000000100000000)
   the space 17792K,  15% used [0x00000000eeaa0000, 0x00000000eed51508, 0x00000000eed51600, 0x00000000efc00000)
 Metaspace       used 8644K, capacity 8866K, committed 9088K, reserved 1056768K
  class space    used 1004K, capacity 1095K, committed 1152K, reserved 1048576K
}
Event: 8.530 GC heap before
{Heap before GC invocations=2 (full 0):
 def new generation   total 8000K, used 7999K [0x00000000e6000000, 0x00000000e68a0000, 0x00000000eeaa0000)
  eden space 7168K, 100% used [0x00000000e6000000, 0x00000000e6700000, 0x00000000e6700000)
  from space 832K,  99% used [0x00000000e6700000, 0x00000000e67cfff8, 0x00000000e67d0000)
  to   space 832K,   0% used [0x00000000e67d0000, 0x00000000e67d0000, 0x00000000e68a0000)
 tenured generation   total 17792K, used 2757K [0x00000000eeaa0000, 0x00000000efc00000, 0x0000000100000000)
   the space 17792K,  15% used [0x00000000eeaa0000, 0x00000000eed51508, 0x00000000eed51600, 0x00000000efc00000)
 Metaspace       used 9058K, capacity 9334K, committed 9472K, reserved 1056768K
  class space    used 1051K, capacity 1163K, committed 1280K, reserved 1048576K
Event: 8.536 GC heap after
Heap after GC invocations=3 (full 0):
 def new generation   total 8000K, used 832K [0x00000000e6000000, 0x00000000e68a0000, 0x00000000eeaa0000)
  eden space 7168K,   0% used [0x00000000e6000000, 0x00000000e6000000, 0x00000000e6700000)
  from space 832K, 100% used [0x00000000e67d0000, 0x00000000e68a0000, 0x00000000e68a0000)
  to   space 832K,   0% used [0x00000000e6700000, 0x00000000e6700000, 0x00000000e67d0000)
 tenured generation   total 17792K, used 3949K [0x00000000eeaa0000, 0x00000000efc00000, 0x0000000100000000)
   the space 17792K,  22% used [0x00000000eeaa0000, 0x00000000eee7b660, 0x00000000eee7b800, 0x00000000efc00000)
 Metaspace       used 9058K, capacity 9334K, committed 9472K, reserved 1056768K
  class space    used 1051K, capacity 1163K, committed 1280K, reserved 1048576K
}
Event: 13.692 GC heap before
{Heap before GC invocations=3 (full 0):
 def new generation   total 8000K, used 8000K [0x00000000e6000000, 0x00000000e68a0000, 0x00000000eeaa0000)
  eden space 7168K, 100% used [0x00000000e6000000, 0x00000000e6700000, 0x00000000e6700000)
  from space 832K, 100% used [0x00000000e67d0000, 0x00000000e68a0000, 0x00000000e68a0000)
  to   space 832K,   0% used [0x00000000e6700000, 0x00000000e6700000, 0x00000000e67d0000)
 tenured generation   total 17792K, used 3949K [0x00000000eeaa0000, 0x00000000efc00000, 0x0000000100000000)
   the space 17792K,  22% used [0x00000000eeaa0000, 0x00000000eee7b660, 0x00000000eee7b800, 0x00000000efc00000)
 Metaspace       used 10972K, capacity 11428K, committed 11520K, reserved 1058816K
  class space    used 1335K, capacity 1492K, committed 1536K, reserved 1048576K
Event: 13.698 GC heap after
Heap after GC invocations=4 (full 0):
 def new generation   total 8000K, used 832K [0x00000000e6000000, 0x00000000e68a0000, 0x00000000eeaa0000)
  eden space 7168K,   0% used [0x00000000e6000000, 0x00000000e6000000, 0x00000000e6700000)
  from space 832K, 100% used [0x00000000e6700000, 0x00000000e67d0000, 0x00000000e67d0000)
  to   space 832K,   0% used [0x00000000e67d0000, 0x00000000e67d0000, 0x00000000e68a0000)
 tenured generation   total 17792K, used 4334K [0x00000000eeaa0000, 0x00000000efc00000, 0x0000000100000000)
   the space 17792K,  24% used [0x00000000eeaa0000, 0x00000000eeedbaf0, 0x00000000eeedbc00, 0x00000000efc00000)
 Metaspace       used 10972K, capacity 11428K, committed 11520K, reserved 1058816K
  class space    used 1335K, capacity 1492K, committed 1536K, reserved 1048576K
}
Event: 14.357 GC heap before
{Heap before GC invocations=4 (full 0):
 def new generation   total 8000K, used 7998K [0x00000000e6000000, 0x00000000e68a0000, 0x00000000eeaa0000)
  eden space 7168K,  99% used [0x00000000e6000000, 0x00000000e66ff908, 0x00000000e6700000)
  from space 832K, 100% used [0x00000000e6700000, 0x00000000e67d0000, 0x00000000e67d0000)
  to   space 832K,   0% used [0x00000000e67d0000, 0x00000000e67d0000, 0x00000000e68a0000)
 tenured generation   total 17792K, used 4334K [0x00000000eeaa0000, 0x00000000efc00000, 0x0000000100000000)
   the space 17792K,  24% used [0x00000000eeaa0000, 0x00000000eeedbaf0, 0x00000000eeedbc00, 0x00000000efc00000)
 Metaspace       used 12791K, capacity 13452K, committed 13568K, reserved 1060864K
  class space    used 1609K, capacity 1772K, committed 1792K, reserved 1048576K
Event: 14.364 GC heap after
Heap after GC invocations=5 (full 0):
 def new generation   total 8000K, used 832K [0x00000000e6000000, 0x00000000e68a0000, 0x00000000eeaa0000)
  eden space 7168K,   0% used [0x00000000e6000000, 0x00000000e6000000, 0x00000000e6700000)
  from space 832K, 100% used [0x00000000e67d0000, 0x00000000e68a0000, 0x00000000e68a0000)
  to   space 832K,   0% used [0x00000000e6700000, 0x00000000e6700000, 0x00000000e67d0000)
 tenured generation   total 17792K, used 5445K [0x00000000eeaa0000, 0x00000000efc00000, 0x0000000100000000)
   the space 17792K,  30% used [0x00000000eeaa0000, 0x00000000eeff1680, 0x00000000eeff1800, 0x00000000efc00000)
 Metaspace       used 12791K, capacity 13452K, committed 13568K, reserved 1060864K
  class space    used 1609K, capacity 1772K, committed 1792K, reserved 1048576K
}

