# JRE version: Java(TM) SE Runtime Environment (8.0_331-b09) (build 1.8.0_331-b09)
# Java VM: Java HotSpot(TM) 64-Bit Server VM (25.331-b09 mixed mode windows-amd64 compressed oops)
Heap:
 def new generation   total 8000K, used 3624K [0x00000000e6000000, 0x00000000e68a0000, 0x00000000eeaa0000)
  eden space 7168K,  38% used [0x00000000e6000000, 0x00000000e62ba190, 0x00000000e6700000)
  from space 832K,  99% used [0x00000000e67d0000, 0x00000000e689fff8, 0x00000000e68a0000)
  to   space 832K,   0% used [0x00000000e6700000, 0x00000000e6700000, 0x00000000e67d0000)
 tenured generation   total 17792K, used 5353K [0x00000000eeaa0000, 0x00000000efc00000, 0x0000000100000000)
   the space 17792K,  30% used [0x00000000eeaa0000, 0x00000000eefda490, 0x00000000eefda600, 0x00000000efc00000)
 Metaspace       used 13608K, capacity 14326K, committed 14464K, reserved 1062912K
  class space    used 1717K, capacity 1913K, committed 1920K, reserved 1048576K
GC Heap History (10 events):
Event: 4.263 GC heap before
{Heap before GC invocations=0 (full 0):
 def new generation   total 8000K, used 7168K [0x00000000e6000000, 0x00000000e68a0000, 0x00000000eeaa0000)
  eden space 7168K, 100% used [0x00000000e6000000, 0x00000000e6700000, 0x00000000e6700000)
  from space 832K,   0% used [0x00000000e6700000, 0x00000000e6700000, 0x00000000e67d0000)
  to   space 832K,   0% used [0x00000000e67d0000, 0x00000000e67d0000, 0x00000000e68a0000)
 tenured generation   total 17792K, used 0K [0x00000000eeaa0000, 0x00000000efc00000, 0x0000000100000000)
   the space 17792K,   0% used [0x00000000eeaa0000, 0x00000000eeaa0000, 0x00000000eeaa0200, 0x00000000efc00000)
 Metaspace       used 6839K, capacity 6960K, committed 7040K, reserved 1056768K
  class space    used 811K, capacity 856K, committed 896K, reserved 1048576K
Event: 4.272 GC heap after
Heap after GC invocations=1 (full 0):
 def new generation   total 8000K, used 832K [0x00000000e6000000, 0x00000000e68a0000, 0x00000000eeaa0000)
  eden space 7168K,   0% used [0x00000000e6000000, 0x00000000e6000000, 0x00000000e6700000)
  from space 832K, 100% used [0x00000000e67d0000, 0x00000000e68a0000, 0x00000000e68a0000)
  to   space 832K,   0% used [0x00000000e6700000, 0x00000000e6700000, 0x00000000e67d0000)
 tenured generation   total 17792K, used 1261K [0x00000000eeaa0000, 0x00000000efc00000, 0x0000000100000000)
   the space 17792K,   7% used [0x00000000eeaa0000, 0x00000000eebdb720, 0x00000000eebdb800, 0x00000000efc00000)
 Metaspace       used 6839K, capacity 6960K, committed 7040K, reserved 1056768K
  class space    used 811K, capacity 856K, committed 896K, reserved 1048576K
}
Event: 7.923 GC heap before
{Heap before GC invocations=1 (full 0):
 def new generation   total 8000K, used 8000K [0x00000000e6000000, 0x00000000e68a0000, 0x00000000eeaa0000)
  eden space 7168K, 100% used [0x00000000e6000000, 0x00000000e6700000, 0x00000000e6700000)
  from space 832K, 100% used [0x00000000e67d0000, 0x00000000e68a0000, 0x00000000e68a0000)
  to   space 832K,   0% used [0x00000000e6700000, 0x00000000e6700000, 0x00000000e67d0000)
 tenured generation   total 17792K, used 1261K [0x00000000eeaa0000, 0x00000000efc00000, 0x0000000100000000)
   the space 17792K,   7% used [0x00000000eeaa0000, 0x00000000eebdb720, 0x00000000eebdb800, 0x00000000efc00000)
 Metaspace       used 8643K, capacity 8914K, committed 9088K, reserved 1056768K
  class space    used 1006K, capacity 1095K, committed 1152K, reserved 1048576K
Event: 7.951 GC heap after
Heap after GC invocations=2 (full 0):
 def new generation   total 8000K, used 831K [0x00000000e6000000, 0x00000000e68a0000, 0x00000000eeaa0000)
  eden space 7168K,   0% used [0x00000000e6000000, 0x00000000e6000000, 0x00000000e6700000)
  from space 832K,  99% used [0x00000000e6700000, 0x00000000e67cfff8, 0x00000000e67d0000)
  to   space 832K,   0% used [0x00000000e67d0000, 0x00000000e67d0000, 0x00000000e68a0000)
 tenured generation   total 17792K, used 2759K [0x00000000eeaa0000, 0x00000000efc00000, 0x0000000100000000)
   the space 17792K,  15% used [0x00000000eeaa0000, 0x00000000eed51f60, 0x00000000eed52000, 0x00000000efc00000)
 Metaspace       used 8643K, capacity 8914K, committed 9088K, reserved 1056768K
  class space    used 1006K, capacity 1095K, committed 1152K, reserved 1048576K
}
Event: 8.527 GC heap before
{Heap before GC invocations=2 (full 0):
 def new generation   total 8000K, used 7999K [0x00000000e6000000, 0x00000000e68a0000, 0x00000000eeaa0000)
  eden space 7168K, 100% used [0x00000000e6000000, 0x00000000e6700000, 0x00000000e6700000)
  from space 832K,  99% used [0x00000000e6700000, 0x00000000e67cfff8, 0x00000000e67d0000)
  to   space 832K,   0% used [0x00000000e67d0000, 0x00000000e67d0000, 0x00000000e68a0000)
 tenured generation   total 17792K, used 2759K [0x00000000eeaa0000, 0x00000000efc00000, 0x0000000100000000)
   the space 17792K,  15% used [0x00000000eeaa0000, 0x00000000eed51f60, 0x00000000eed52000, 0x00000000efc00000)
 Metaspace       used 9059K, capacity 9318K, committed 9472K, reserved 1056768K
  class space    used 1053K, capacity 1163K, committed 1280K, reserved 1048576K
Event: 8.532 GC heap after
Heap after GC invocations=3 (full 0):
 def new generation   total 8000K, used 832K [0x00000000e6000000, 0x00000000e68a0000, 0x00000000eeaa0000)
  eden space 7168K,   0% used [0x00000000e6000000, 0x00000000e6000000, 0x00000000e6700000)
  from space 832K, 100% used [0x00000000e67d0000, 0x00000000e68a0000, 0x00000000e68a0000)
  to   space 832K,   0% used [0x00000000e6700000, 0x00000000e6700000, 0x00000000e67d0000)
 tenured generation   total 17792K, used 3954K [0x00000000eeaa0000, 0x00000000efc00000, 0x0000000100000000)
   the space 17792K,  22% used [0x00000000eeaa0000, 0x00000000eee7c928, 0x00000000eee7ca00, 0x00000000efc00000)
 Metaspace       used 9059K, capacity 9318K, committed 9472K, reserved 1056768K
  class space    used 1053K, capacity 1163K, committed 1280K, reserved 1048576K
}
Event: 28.243 GC heap before
{Heap before GC invocations=3 (full 0):
 def new generation   total 8000K, used 8000K [0x00000000e6000000, 0x00000000e68a0000, 0x00000000eeaa0000)
  eden space 7168K, 100% used [0x00000000e6000000, 0x00000000e6700000, 0x00000000e6700000)
  from space 832K, 100% used [0x00000000e67d0000, 0x00000000e68a0000, 0x00000000e68a0000)
  to   space 832K,   0% used [0x00000000e6700000, 0x00000000e6700000, 0x00000000e67d0000)
 tenured generation   total 17792K, used 3954K [0x00000000eeaa0000, 0x00000000efc00000, 0x0000000100000000)
   the space 17792K,  22% used [0x00000000eeaa0000, 0x00000000eee7c928, 0x00000000eee7ca00, 0x00000000efc00000)
 Metaspace       used 10853K, capacity 11172K, committed 11264K, reserved 1058816K
  class space    used 1317K, capacity 1462K, committed 1536K, reserved 1048576K
Event: 28.273 GC heap after
Heap after GC invocations=4 (full 0):
 def new generation   total 8000K, used 832K [0x00000000e6000000, 0x00000000e68a0000, 0x00000000eeaa0000)
  eden space 7168K,   0% used [0x00000000e6000000, 0x00000000e6000000, 0x00000000e6700000)
  from space 832K, 100% used [0x00000000e6700000, 0x00000000e67d0000, 0x00000000e67d0000)
  to   space 832K,   0% used [0x00000000e67d0000, 0x00000000e67d0000, 0x00000000e68a0000)
 tenured generation   total 17792K, used 4317K [0x00000000eeaa0000, 0x00000000efc00000, 0x0000000100000000)
   the space 17792K,  24% used [0x00000000eeaa0000, 0x00000000eeed77b0, 0x00000000eeed7800, 0x00000000efc00000)
 Metaspace       used 10853K, capacity 11172K, committed 11264K, reserved 1058816K
  class space    used 1317K, capacity 1462K, committed 1536K, reserved 1048576K
}
Event: 44.801 GC heap before
{Heap before GC invocations=4 (full 0):
 def new generation   total 8000K, used 8000K [0x00000000e6000000, 0x00000000e68a0000, 0x00000000eeaa0000)
  eden space 7168K, 100% used [0x00000000e6000000, 0x00000000e6700000, 0x00000000e6700000)
  from space 832K, 100% used [0x00000000e6700000, 0x00000000e67d0000, 0x00000000e67d0000)
  to   space 832K,   0% used [0x00000000e67d0000, 0x00000000e67d0000, 0x00000000e68a0000)
 tenured generation   total 17792K, used 4317K [0x00000000eeaa0000, 0x00000000efc00000, 0x0000000100000000)
   the space 17792K,  24% used [0x00000000eeaa0000, 0x00000000eeed77b0, 0x00000000eeed7800, 0x00000000efc00000)
 Metaspace       used 12666K, capacity 13304K, committed 13568K, reserved 1060864K
  class space    used 1599K, capacity 1772K, committed 1792K, reserved 1048576K
Event: 44.810 GC heap after
Heap after GC invocations=5 (full 0):
 def new generation   total 8000K, used 831K [0x00000000e6000000, 0x00000000e68a0000, 0x00000000eeaa0000)
  eden space 7168K,   0% used [0x00000000e6000000, 0x00000000e6000000, 0x00000000e6700000)
  from space 832K,  99% used [0x00000000e67d0000, 0x00000000e689fff8, 0x00000000e68a0000)
  to   space 832K,   0% used [0x00000000e6700000, 0x00000000e6700000, 0x00000000e67d0000)
 tenured generation   total 17792K, used 5353K [0x00000000eeaa0000, 0x00000000efc00000, 0x0000000100000000)
   the space 17792K,  30% used [0x00000000eeaa0000, 0x00000000eefda490, 0x00000000eefda600, 0x00000000efc00000)
 Metaspace       used 12666K, capacity 13304K, committed 13568K, reserved 1060864K
  class space    used 1599K, capacity 1772K, committed 1792K, reserved 1048576K
}

