<?xml version="1.0" encoding="UTF-8"?>
<testng-results ignored="0" total="4" passed="3" failed="1" skipped="0">
  <reporter-output>
  </reporter-output>
  <suite started-at="2022-08-30T12:35:47 IST" name="Default suite" finished-at="2022-08-30T12:35:50 IST" duration-ms="3147">
    <groups>
    </groups>
    <test started-at="2022-08-30T12:35:47 IST" name="Default test" finished-at="2022-08-30T12:35:50 IST" duration-ms="3147">
      <class name="com.testng.Testng_Timeout">
        <test-method signature="aMethod()[pri:0, instance:com.testng.Testng_Timeout@4ef37659]" started-at="2022-08-30T12:35:47 IST" name="aMethod" finished-at="2022-08-30T12:35:48 IST" duration-ms="1029" status="FAIL">
          <exception class="org.testng.internal.thread.ThreadTimeoutException">
            <message>
              <![CDATA[Method com.testng.Testng_Timeout.aMethod() didn't finish within the time-out 1000]]>
            </message>
            <full-stacktrace>
              <![CDATA[org.testng.internal.thread.ThreadTimeoutException: Method com.testng.Testng_Timeout.aMethod() didn't finish within the time-out 1000
at java.base@11.0.16/java.util.concurrent.FutureTask.setException(FutureTask.java:247)
at java.base@11.0.16/java.util.concurrent.FutureTask.run(FutureTask.java:269)
at java.base@11.0.16/java.util.concurrent.ThreadPoolExecutor.runWorker(ThreadPoolExecutor.java:1128)
at java.base@11.0.16/java.util.concurrent.ThreadPoolExecutor$Worker.run(ThreadPoolExecutor.java:628)
at java.base@11.0.16/java.lang.Thread.run(Thread.java:834)
]]>
            </full-stacktrace>
          </exception> <!-- org.testng.internal.thread.ThreadTimeoutException -->
          <reporter-output>
          </reporter-output>
        </test-method> <!-- aMethod -->
        <test-method signature="bMethod()[pri:0, instance:com.testng.Testng_Timeout@4ef37659]" started-at="2022-08-30T12:35:48 IST" name="bMethod" finished-at="2022-08-30T12:35:49 IST" duration-ms="1011" status="PASS">
          <reporter-output>
          </reporter-output>
        </test-method> <!-- bMethod -->
        <test-method signature="cMethod()[pri:0, instance:com.testng.Testng_Timeout@4ef37659]" started-at="2022-08-30T12:35:49 IST" name="cMethod" finished-at="2022-08-30T12:35:50 IST" duration-ms="1011" status="PASS">
          <reporter-output>
          </reporter-output>
        </test-method> <!-- cMethod -->
        <test-method signature="dMethod()[pri:0, instance:com.testng.Testng_Timeout@4ef37659]" started-at="2022-08-30T12:35:50 IST" name="dMethod" finished-at="2022-08-30T12:35:50 IST" duration-ms="2" status="PASS">
          <reporter-output>
          </reporter-output>
        </test-method> <!-- dMethod -->
      </class> <!-- com.testng.Testng_Timeout -->
    </test> <!-- Default test -->
  </suite> <!-- Default suite -->
</testng-results>
