<?xml version="1.0" encoding="UTF-8"?>
<testng-results ignored="0" total="3" passed="3" failed="0" skipped="0">
  <reporter-output>
  </reporter-output>
  <suite started-at="2022-07-28T10:01:06 GMT-07:00" name="Default suite" finished-at="2022-07-28T10:01:06 GMT-07:00" duration-ms="139">
    <groups>
    </groups>
    <test started-at="2022-07-28T10:01:06 GMT-07:00" name="Default test" finished-at="2022-07-28T10:01:06 GMT-07:00" duration-ms="139">
      <class name="com.testng.DataProvider">
        <test-method signature="datas(java.lang.String, java.lang.String)[pri:0, instance:com.testng.DataProvider@d706f19]" started-at="2022-07-28T10:01:06 GMT-07:00" name="datas" data-provider="data" finished-at="2022-07-28T10:01:06 GMT-07:00" duration-ms="27" status="PASS">
          <params>
            <param index="0">
              <value>
                <![CDATA[arjunan]]>
              </value>
            </param>
            <param index="1">
              <value>
                <![CDATA[1234]]>
              </value>
            </param>
          </params>
          <reporter-output>
          </reporter-output>
        </test-method> <!-- datas -->
        <test-method signature="datas(java.lang.String, java.lang.String)[pri:0, instance:com.testng.DataProvider@d706f19]" started-at="2022-07-28T10:01:06 GMT-07:00" name="datas" data-provider="data" finished-at="2022-07-28T10:01:06 GMT-07:00" duration-ms="3" status="PASS">
          <params>
            <param index="0">
              <value>
                <![CDATA[arjuna]]>
              </value>
            </param>
            <param index="1">
              <value>
                <![CDATA[123456]]>
              </value>
            </param>
          </params>
          <reporter-output>
          </reporter-output>
        </test-method> <!-- datas -->
        <test-method signature="datas(java.lang.String, java.lang.String)[pri:0, instance:com.testng.DataProvider@d706f19]" started-at="2022-07-28T10:01:06 GMT-07:00" name="datas" data-provider="data" finished-at="2022-07-28T10:01:06 GMT-07:00" duration-ms="4" status="PASS">
          <params>
            <param index="0">
              <value>
                <![CDATA[arjun]]>
              </value>
            </param>
            <param index="1">
              <value>
                <![CDATA[1234]]>
              </value>
            </param>
          </params>
          <reporter-output>
          </reporter-output>
        </test-method> <!-- datas -->
      </class> <!-- com.testng.DataProvider -->
    </test> <!-- Default test -->
  </suite> <!-- Default suite -->
</testng-results>
